<?xml version="1.0" encoding="UTF-8"?>
<!-- Generated by org.testng.reporters.JUnitReportReporter -->
<testsuite hostname="W0230784" failures="0" tests="3" name="learning.framework.SBIBankTest" time="0.013" errors="0" timestamp="28 Aug 2021 14:11:41 GMT" skipped="0">
  <testcase classname="learning.framework.SBIBankTest" name="carLoan" time="0.000"/>
  <testcase classname="learning.framework.SBIBankTest" name="homeLoan" time="0.013"/>
  <testcase classname="learning.framework.SBIBankTest" name="educationLoan" time="0.000"/>
</testsuite> <!-- learning.framework.SBIBankTest -->
