<?xml version="1.0" encoding="UTF-8"?>
<!-- Generated by org.testng.reporters.JUnitReportReporter -->
<testsuite skipped="0" hostname="W0230784" name="learning.framework.SBIBank" tests="3" failures="0" timestamp="28 Aug 2021 17:58:36 GMT" time="0.002" errors="0">
  <testcase name="carLoan" time="0.000" classname="learning.framework.SBIBank"/>
  <testcase name="homeLoan" time="0.001" classname="learning.framework.SBIBank"/>
  <testcase name="educationLoan" time="0.001" classname="learning.framework.SBIBank"/>
</testsuite> <!-- learning.framework.SBIBank -->
