<?xml version="1.0" encoding="UTF-8"?>
<!-- Generated by org.testng.reporters.JUnitReportReporter -->
<testsuite skipped="2" hostname="W0230784" name="learning.framework.HDFCBank" tests="4" failures="0" timestamp="28 Aug 2021 17:58:36 GMT" time="0.004" errors="0">
  <testcase name="readWriteMethod" time="0.003" classname="learning.framework.HDFCBank"/>
  <testcase name="homeLoan" time="0.001" classname="learning.framework.HDFCBank"/>
  <testcase name="educationLoan" classname="learning.framework.HDFCBank">
    <skipped/>
  </testcase> <!-- educationLoan -->
  <testcase name="carLoan" classname="learning.framework.HDFCBank">
    <skipped/>
  </testcase> <!-- carLoan -->
</testsuite> <!-- learning.framework.HDFCBank -->
