<?xml version="1.0" encoding="UTF-8"?>
<!-- Generated by org.testng.reporters.JUnitReportReporter -->
<testsuite skipped="0" hostname="W0230784" name="learning.framework.HDFCBankCreditCard" tests="3" failures="0" timestamp="28 Aug 2021 17:58:36 GMT" time="0.001" errors="0">
  <testcase name="creditCardCharges" time="0.001" classname="learning.framework.HDFCBankCreditCard"/>
  <testcase name="cardOffers" time="0.000" classname="learning.framework.HDFCBankCreditCard"/>
  <testcase name="cardStatements" time="0.000" classname="learning.framework.HDFCBankCreditCard"/>
</testsuite> <!-- learning.framework.HDFCBankCreditCard -->
